16:09:13.033 - [JDA RateLimit-Worker 1] DEBUG n.d.jda.internal.requests.Requester - Received response with following cf-rays: [71823432dbf19122-FRA]
16:09:13.189 - [main] INFO  net.dv8tion.jda.api.JDA - Login Successful!
16:09:13.217 - [main] DEBUG n.d.j.a.u.SessionControllerAdapter - Creating new worker handle for shard pool 0
16:09:13.218 - [main] DEBUG n.d.j.a.u.SessionControllerAdapter - Running worker
16:09:13.218 - [main] INFO  dev.redcodes.euklid.Euklid - The bot is now online!
16:09:13.219 - [ConcurrentSessionController-Worker-0] DEBUG n.d.j.a.u.SessionControllerAdapter - Running connect node for shard Shard [0 / 1]
16:09:13.536 - [JDA MainWS-WriteThread] INFO  n.d.j.i.requests.WebSocketClient - Connected to WebSocket
16:09:13.536 - [JDA MainWS-WriteThread] DEBUG n.d.j.i.requests.WebSocketClient - Connected with gateway intents: 111111011101111
16:09:13.537 - [JDA MainWS-WriteThread] DEBUG n.d.j.i.requests.WebSocketClient - Sending Identify-packet...
16:09:13.542 - [JDA MainWS-ReadThread] DEBUG n.d.j.i.requests.WebSocketClient - Got HELLO packet (OP 10). Initializing keep-alive.
16:09:13.849 - [JDA MainWS-ReadThread] DEBUG n.d.j.i.handle.GuildSetupController - Setting incomplete count to 5
16:09:13.849 - [JDA MainWS-ReadThread] DEBUG n.d.j.i.handle.GuildSetupController - Starting 75 second timeout for 5 guilds
16:09:13.911 - [JDA MainWS-ReadThread] DEBUG n.d.j.i.entities.EntityBuilder - Finished setup for guild with a null owner. GuildId: 580732235313971211 OwnerId: 277048745458401282
16:09:13.916 - [JDA MainWS-ReadThread] DEBUG n.d.j.i.handle.GuildSetupController - Finished setup for guild 580732235313971211 firing cached events 0
16:09:13.934 - [JDA MainWS-ReadThread] DEBUG n.d.j.i.entities.EntityBuilder - Finished setup for guild with a null owner. GuildId: 712313516542918717 OwnerId: 277048745458401282
16:09:13.934 - [JDA MainWS-ReadThread] DEBUG n.d.j.i.handle.GuildSetupController - Finished setup for guild 712313516542918717 firing cached events 0
16:09:13.936 - [JDA MainWS-ReadThread] DEBUG n.d.j.i.entities.EntityBuilder - Finished setup for guild with a null owner. GuildId: 838172477170778122 OwnerId: 834461264415162388
16:09:13.936 - [JDA MainWS-ReadThread] DEBUG n.d.j.i.handle.GuildSetupController - Finished setup for guild 838172477170778122 firing cached events 0
16:09:13.937 - [JDA MainWS-ReadThread] DEBUG n.d.j.i.entities.EntityBuilder - Finished setup for guild with a null owner. GuildId: 841586195921371136 OwnerId: 607286619028062218
16:09:13.938 - [JDA MainWS-ReadThread] DEBUG n.d.j.i.handle.GuildSetupController - Finished setup for guild 841586195921371136 firing cached events 0
16:09:13.941 - [JDA MainWS-ReadThread] DEBUG n.d.j.i.entities.EntityBuilder - Finished setup for guild with a null owner. GuildId: 846088733131931688 OwnerId: 277048745458401282
16:09:13.942 - [JDA MainWS-ReadThread] INFO  net.dv8tion.jda.api.JDA - Finished Loading!
16:09:13.943 - [JDA MainWS-ReadThread] DEBUG n.d.j.i.handle.GuildSetupController - Finished setup for guild 846088733131931688 firing cached events 0
16:09:15.244 - [JDA Gateway-Worker 1] DEBUG n.d.j.i.requests.WebSocketClient - Sending normal message {"op":3,"d":{"activities":[{"name":"Preview 1.1","type":0}],"afk":false,"since":1654697355236,"status":"online"}}
16:09:15.406 - [JDA RateLimit-Worker 2] DEBUG n.d.j.internal.requests.RateLimiter - Caching bucket hash PUT/applications/{application_id}/commands -> ae189c08c8f3c47d2311646889fed041
16:09:15.407 - [JDA RateLimit-Worker 2] DEBUG n.d.jda.internal.requests.Requester - Received response with following cf-rays: [71823441ea8a9122-FRA]
16:09:15.413 - [ForkJoinPool.commonPool-worker-1] INFO  dev.redcodes.euklid.Euklid - Commands published
16:09:15.441 - [JDA RateLimit-Worker 1] DEBUG n.d.j.internal.requests.RateLimiter - Caching bucket hash PUT/applications/{application_id}/guilds/{guild_id}/commands -> ae189c08c8f3c47d2311646889fed041
16:09:15.442 - [JDA RateLimit-Worker 1] DEBUG n.d.jda.internal.requests.Requester - Received response with following cf-rays: [71823441ea8c9122-FRA]
16:09:18.819 - [JDA MainWS-ReadThread] DEBUG n.d.j.i.requests.WebSocketClient - Unrecognized event:
{"op":0,"s":9,"t":"GUILD_APPLICATION_COMMAND_INDEX_UPDATE","d":{"hashes":{"metadata":{"hash":"r2MGMN5XoaI"},"channels":{"hash":"WDU0gnaOg8g"},"roles":{"hash":"V9QHQDtuLuI"},"version":1},"application_command_counts":{"1":52,"2":1,"3":1},"guild_id":"580732235313971211","guild_hashes":{"metadata":{"hash":"r2MGMN5XoaI"},"channels":{"hash":"WDU0gnaOg8g"},"roles":{"hash":"V9QHQDtuLuI"},"version":1}}}
16:09:21.510 - [JDA RateLimit-Worker 3] DEBUG n.d.jda.internal.requests.Requester - Received response with following cf-rays: [71823464db999122-FRA]
16:09:25.123 - [JDA RateLimit-Worker 2] DEBUG n.d.j.internal.requests.RateLimiter - Caching bucket hash PATCH/webhooks/{application_id}/{interaction_token}/messages/{message_id} -> 3cd1f278bd0ecaf11e0d2391374c011d
16:09:25.123 - [JDA RateLimit-Worker 2] DEBUG n.d.jda.internal.requests.Requester - Received response with following cf-rays: [7182347e3cda9122-FRA]
16:09:30.283 - [JDA Gateway-Worker 1] DEBUG n.d.j.i.requests.WebSocketClient - Sending normal message {"op":3,"d":{"activities":[{"name":"201 Users","type":3}],"afk":false,"since":1654697370222,"status":"online"}}
16:09:34.026 - [JDA RateLimit-Worker 4] DEBUG n.d.jda.internal.requests.Requester - Received response with following cf-rays: [718234b61b719122-FRA]
16:09:39.740 - [JDA RateLimit-Worker 3] DEBUG n.d.jda.internal.requests.Requester - Received response with following cf-rays: [718234d9cb6c9122-FRA]
16:09:41.749 - [JDA RateLimit-Worker 2] DEBUG n.d.jda.internal.requests.Requester - Received response with following cf-rays: [718234e62ce99122-FRA]
16:09:41.752 - [ForkJoinPool.commonPool-worker-1] ERROR n.d.jda.api.requests.RestAction - RestAction queue returned failure
net.dv8tion.jda.api.exceptions.ErrorResponseException: 10062: Unknown interaction
	at net.dv8tion.jda@5.0.0-alpha.12/net.dv8tion.jda.api.exceptions.ErrorResponseException.create(ErrorResponseException.java:185)
	at net.dv8tion.jda@5.0.0-alpha.12/net.dv8tion.jda.api.requests.Request.onFailure(Request.java:117)
	at net.dv8tion.jda@5.0.0-alpha.12/net.dv8tion.jda.internal.requests.RestActionImpl.handleResponse(RestActionImpl.java:273)
	at net.dv8tion.jda@5.0.0-alpha.12/net.dv8tion.jda.internal.requests.restaction.interactions.InteractionCallbackImpl.handleResponse(InteractionCallbackImpl.java:145)
	at net.dv8tion.jda@5.0.0-alpha.12/net.dv8tion.jda.api.requests.Request.handleResponse(Request.java:259)
	at net.dv8tion.jda@5.0.0-alpha.12/net.dv8tion.jda.internal.requests.Requester.execute(Requester.java:238)
	at net.dv8tion.jda@5.0.0-alpha.12/net.dv8tion.jda.internal.requests.Requester.execute(Requester.java:142)
	at net.dv8tion.jda@5.0.0-alpha.12/net.dv8tion.jda.internal.requests.Requester.execute(Requester.java:125)
	at net.dv8tion.jda@5.0.0-alpha.12/net.dv8tion.jda.internal.requests.ratelimit.BotRateLimiter$Bucket.run(BotRateLimiter.java:481)
	at java.base/java.util.concurrent.Executors$RunnableAdapter.call(Executors.java:539)
	at java.base/java.util.concurrent.FutureTask.run(FutureTask.java:264)
	at java.base/java.util.concurrent.ScheduledThreadPoolExecutor$ScheduledFutureTask.run(ScheduledThreadPoolExecutor.java:304)
	at java.base/java.util.concurrent.ThreadPoolExecutor.runWorker(ThreadPoolExecutor.java:1136)
	at java.base/java.util.concurrent.ThreadPoolExecutor$Worker.run(ThreadPoolExecutor.java:635)
	at java.base/java.lang.Thread.run(Thread.java:833)
Caused by: net.dv8tion.jda.api.exceptions.ContextException: null
	at net.dv8tion.jda@5.0.0-alpha.12/net.dv8tion.jda.api.exceptions.ContextException.here(ContextException.java:54)
	at net.dv8tion.jda@5.0.0-alpha.12/net.dv8tion.jda.api.requests.Request.<init>(Request.java:71)
	at net.dv8tion.jda@5.0.0-alpha.12/net.dv8tion.jda.internal.requests.RestActionImpl.queue(RestActionImpl.java:198)
	at net.dv8tion.jda@5.0.0-alpha.12/net.dv8tion.jda.internal.requests.restaction.interactions.InteractionCallbackImpl.queue(InteractionCallbackImpl.java:110)
	at net.dv8tion.jda@5.0.0-alpha.12/net.dv8tion.jda.api.requests.RestAction.queue(RestAction.java:573)
	at net.dv8tion.jda@5.0.0-alpha.12/net.dv8tion.jda.api.requests.RestAction.queue(RestAction.java:539)
	at Euklid/dev.redcodes.euklid.mathefacts.commands.MathefactAutoComplete.onCommandAutoCompleteInteraction(MathefactAutoComplete.java:76)
	at net.dv8tion.jda@5.0.0-alpha.12/net.dv8tion.jda.api.hooks.ListenerAdapter.onEvent(ListenerAdapter.java:361)
	at net.dv8tion.jda@5.0.0-alpha.12/net.dv8tion.jda.api.hooks.InterfacedEventManager.handle(InterfacedEventManager.java:96)
	at net.dv8tion.jda@5.0.0-alpha.12/net.dv8tion.jda.internal.hooks.EventManagerProxy.handleInternally(EventManagerProxy.java:88)
	at net.dv8tion.jda@5.0.0-alpha.12/net.dv8tion.jda.internal.hooks.EventManagerProxy.handle(EventManagerProxy.java:70)
	at net.dv8tion.jda@5.0.0-alpha.12/net.dv8tion.jda.internal.JDAImpl.handleEvent(JDAImpl.java:164)
	at net.dv8tion.jda@5.0.0-alpha.12/net.dv8tion.jda.internal.handle.InteractionCreateHandler.handleInternally(InteractionCreateHandler.java:86)
	at net.dv8tion.jda@5.0.0-alpha.12/net.dv8tion.jda.internal.handle.SocketHandler.handle(SocketHandler.java:36)
	at net.dv8tion.jda@5.0.0-alpha.12/net.dv8tion.jda.internal.requests.WebSocketClient.onDispatch(WebSocketClient.java:957)
	at net.dv8tion.jda@5.0.0-alpha.12/net.dv8tion.jda.internal.requests.WebSocketClient.onEvent(WebSocketClient.java:844)
	at net.dv8tion.jda@5.0.0-alpha.12/net.dv8tion.jda.internal.requests.WebSocketClient.handleEvent(WebSocketClient.java:822)
	at net.dv8tion.jda@5.0.0-alpha.12/net.dv8tion.jda.internal.requests.WebSocketClient.onBinaryMessage(WebSocketClient.java:996)
	at com.neovisionaries.ws.client.ListenerManager.callOnBinaryMessage(ListenerManager.java:385)
	at com.neovisionaries.ws.client.ReadingThread.callOnBinaryMessage(ReadingThread.java:276)
	at com.neovisionaries.ws.client.ReadingThread.handleBinaryFrame(ReadingThread.java:996)
	at com.neovisionaries.ws.client.ReadingThread.handleFrame(ReadingThread.java:755)
	at com.neovisionaries.ws.client.ReadingThread.main(ReadingThread.java:108)
	at com.neovisionaries.ws.client.ReadingThread.runMain(ReadingThread.java:64)
	at com.neovisionaries.ws.client.WebSocketThread.run(WebSocketThread.java:45)
16:09:42.564 - [JDA RateLimit-Worker 1] DEBUG n.d.j.internal.requests.RateLimiter - Removed 9 expired buckets
16:09:45.510 - [JDA Gateway-Worker 1] DEBUG n.d.j.i.requests.WebSocketClient - Sending normal message {"op":3,"d":{"activities":[{"name":"mit euklid","type":0}],"afk":false,"since":1654697385233,"status":"online"}}
16:10:00.687 - [JDA Gateway-Worker 1] DEBUG n.d.j.i.requests.WebSocketClient - Sending normal message {"op":3,"d":{"activities":[{"name":"201 Users","type":3}],"afk":false,"since":1654697400233,"status":"online"}}
16:10:15.450 - [JDA Gateway-Worker 1] DEBUG n.d.j.i.requests.WebSocketClient - Sending normal message {"op":3,"d":{"activities":[{"name":"mit euklid","type":0}],"afk":false,"since":1654697415234,"status":"online"}}
16:10:30.738 - [JDA Gateway-Worker 1] DEBUG n.d.j.i.requests.WebSocketClient - Sending normal message {"op":3,"d":{"activities":[{"name":"201 Users","type":3}],"afk":false,"since":1654697430246,"status":"online"}}
16:10:42.568 - [JDA RateLimit-Worker 1] DEBUG n.d.j.internal.requests.RateLimiter - Removed 2 expired buckets
16:10:45.527 - [JDA Gateway-Worker 1] DEBUG n.d.j.i.requests.WebSocketClient - Sending normal message {"op":3,"d":{"activities":[{"name":"Preview 1.1","type":0}],"afk":false,"since":1654697445251,"status":"online"}}
16:11:00.304 - [JDA Gateway-Worker 1] DEBUG n.d.j.i.requests.WebSocketClient - Sending normal message {"op":3,"d":{"activities":[{"name":"201 Users","type":3}],"afk":false,"since":1654697460258,"status":"online"}}
16:11:09.684 - [Thread-0] INFO  dev.redcodes.euklid.Euklid - The bot is now offline!
16:11:13.641 - [JDA RateLimit-Worker 1] DEBUG n.d.jda.internal.requests.Requester - Received response with following cf-rays: [718237247aac903a-FRA]
16:11:13.812 - [main] INFO  net.dv8tion.jda.api.JDA - Login Successful!
16:11:13.835 - [main] DEBUG n.d.j.a.u.SessionControllerAdapter - Creating new worker handle for shard pool 0
16:11:13.836 - [main] DEBUG n.d.j.a.u.SessionControllerAdapter - Running worker
16:11:13.836 - [main] INFO  dev.redcodes.euklid.Euklid - The bot is now online!
16:11:13.836 - [ConcurrentSessionController-Worker-0] DEBUG n.d.j.a.u.SessionControllerAdapter - Running connect node for shard Shard [0 / 1]
16:11:14.091 - [JDA MainWS-ReadThread] INFO  n.d.j.i.requests.WebSocketClient - Connected to WebSocket
16:11:14.091 - [JDA MainWS-ReadThread] DEBUG n.d.j.i.requests.WebSocketClient - Connected with gateway intents: 111111011101111
16:11:14.091 - [JDA MainWS-ReadThread] DEBUG n.d.j.i.requests.WebSocketClient - Sending Identify-packet...
16:11:14.107 - [JDA MainWS-ReadThread] DEBUG n.d.j.i.requests.WebSocketClient - Got HELLO packet (OP 10). Initializing keep-alive.
16:11:14.354 - [JDA MainWS-ReadThread] DEBUG n.d.j.i.handle.GuildSetupController - Setting incomplete count to 5
16:11:14.354 - [JDA MainWS-ReadThread] DEBUG n.d.j.i.handle.GuildSetupController - Starting 75 second timeout for 5 guilds
16:11:14.410 - [JDA MainWS-ReadThread] DEBUG n.d.j.i.entities.EntityBuilder - Finished setup for guild with a null owner. GuildId: 580732235313971211 OwnerId: 277048745458401282
16:11:14.415 - [JDA MainWS-ReadThread] DEBUG n.d.j.i.handle.GuildSetupController - Finished setup for guild 580732235313971211 firing cached events 0
16:11:14.419 - [JDA MainWS-ReadThread] DEBUG n.d.j.i.entities.EntityBuilder - Finished setup for guild with a null owner. GuildId: 838172477170778122 OwnerId: 834461264415162388
16:11:14.419 - [JDA MainWS-ReadThread] DEBUG n.d.j.i.handle.GuildSetupController - Finished setup for guild 838172477170778122 firing cached events 0
16:11:14.433 - [JDA MainWS-ReadThread] DEBUG n.d.j.i.entities.EntityBuilder - Finished setup for guild with a null owner. GuildId: 712313516542918717 OwnerId: 277048745458401282
16:11:14.434 - [JDA MainWS-ReadThread] DEBUG n.d.j.i.handle.GuildSetupController - Finished setup for guild 712313516542918717 firing cached events 0
16:11:14.437 - [JDA MainWS-ReadThread] DEBUG n.d.j.i.entities.EntityBuilder - Finished setup for guild with a null owner. GuildId: 846088733131931688 OwnerId: 277048745458401282
16:11:14.437 - [JDA MainWS-ReadThread] DEBUG n.d.j.i.handle.GuildSetupController - Finished setup for guild 846088733131931688 firing cached events 0
16:11:14.439 - [JDA MainWS-ReadThread] DEBUG n.d.j.i.entities.EntityBuilder - Finished setup for guild with a null owner. GuildId: 841586195921371136 OwnerId: 607286619028062218
16:11:14.440 - [JDA MainWS-ReadThread] INFO  net.dv8tion.jda.api.JDA - Finished Loading!
16:11:14.441 - [JDA MainWS-ReadThread] DEBUG n.d.j.i.handle.GuildSetupController - Finished setup for guild 841586195921371136 firing cached events 0
16:11:15.864 - [JDA Gateway-Worker 1] DEBUG n.d.j.i.requests.WebSocketClient - Sending normal message {"op":3,"d":{"activities":[{"name":"201 Users","type":3}],"afk":false,"since":1654697475849,"status":"online"}}
16:11:16.058 - [JDA RateLimit-Worker 1] DEBUG n.d.j.internal.requests.RateLimiter - Caching bucket hash PUT/applications/{application_id}/guilds/{guild_id}/commands -> ae189c08c8f3c47d2311646889fed041
16:11:16.058 - [JDA RateLimit-Worker 1] DEBUG n.d.jda.internal.requests.Requester - Received response with following cf-rays: [71823733bb0f903a-FRA]
16:11:16.066 - [JDA RateLimit-Worker 2] DEBUG n.d.j.internal.requests.RateLimiter - Caching bucket hash PUT/applications/{application_id}/commands -> ae189c08c8f3c47d2311646889fed041
16:11:16.066 - [JDA RateLimit-Worker 2] DEBUG n.d.jda.internal.requests.Requester - Received response with following cf-rays: [71823733bb0c903a-FRA]
16:11:16.071 - [ForkJoinPool.commonPool-worker-1] INFO  dev.redcodes.euklid.Euklid - Commands published
16:11:17.016 - [JDA RateLimit-Worker 3] DEBUG n.d.jda.internal.requests.Requester - Received response with following cf-rays: [718237388d2d903a-FRA]
16:11:20.375 - [JDA RateLimit-Worker 1] DEBUG n.d.j.internal.requests.RateLimiter - Caching bucket hash PATCH/webhooks/{application_id}/{interaction_token}/messages/{message_id} -> 3cd1f278bd0ecaf11e0d2391374c011d
16:11:20.375 - [JDA RateLimit-Worker 1] DEBUG n.d.jda.internal.requests.Requester - Received response with following cf-rays: [7182374e6b9d903a-FRA]
16:11:30.895 - [JDA Gateway-Worker 1] DEBUG n.d.j.i.requests.WebSocketClient - Sending normal message {"op":3,"d":{"activities":[{"name":"Preview 1.1","type":0}],"afk":false,"since":1654697490838,"status":"online"}}
16:11:31.789 - [JDA RateLimit-Worker 4] DEBUG n.d.jda.internal.requests.Requester - Received response with following cf-rays: [718237963f369b3d-FRA]
16:11:32.104 - [JDA RateLimit-Worker 3] DEBUG n.d.jda.internal.requests.Requester - Received response with following cf-rays: [718237981be99b3d-FRA]
16:11:33.911 - [JDA RateLimit-Worker 1] DEBUG n.d.jda.internal.requests.Requester - Received response with following cf-rays: [718237a33e809b3d-FRA]
16:11:37.502 - [JDA RateLimit-Worker 4] DEBUG n.d.jda.internal.requests.Requester - Received response with following cf-rays: [718237b97ee09b3d-FRA]
16:11:38.413 - [JDA RateLimit-Worker 3] DEBUG n.d.jda.internal.requests.Requester - Received response with following cf-rays: [718237bf7c799b3d-FRA]
16:11:42.509 - [JDA RateLimit-Worker 1] DEBUG n.d.jda.internal.requests.Requester - Received response with following cf-rays: [718237d93f0b9b3d-FRA]
16:11:43.152 - [JDA RateLimit-Worker 5] DEBUG n.d.j.internal.requests.RateLimiter - Removed 12 expired buckets
16:11:44.838 - [JDA RateLimit-Worker 3] DEBUG n.d.jda.internal.requests.Requester - Received response with following cf-rays: [718237e74e809b3d-FRA]
16:11:46.180 - [JDA Gateway-Worker 1] DEBUG n.d.j.i.requests.WebSocketClient - Sending normal message {"op":3,"d":{"activities":[{"name":"201 Users","type":3}],"afk":false,"since":1654697505840,"status":"online"}}
16:11:47.320 - [JDA RateLimit-Worker 2] DEBUG n.d.jda.internal.requests.Requester - Received response with following cf-rays: [718237f739409b3d-FRA]
16:11:49.194 - [JDA RateLimit-Worker 4] DEBUG n.d.jda.internal.requests.Requester - Received response with following cf-rays: [718238022a1d9b3d-FRA]
16:11:49.536 - [JDA RateLimit-Worker 3] DEBUG n.d.jda.internal.requests.Requester - Received response with following cf-rays: [718238047f039b3d-FRA]
16:11:53.018 - [Thread-0] DEBUG n.d.j.internal.requests.RateLimiter - Removed 6 expired buckets
16:11:53.018 - [Thread-0] INFO  dev.redcodes.euklid.Euklid - The bot is now offline!
